<?xml version="1.0" encoding="UTF-8"?>
<!-- Generated by org.testng.reporters.JUnitXMLReporter -->
<testsuite hostname="mrsz.local" ignored="5" name="Smoke Test" tests="2" failures="0" timestamp="2020-10-22T21:27:50 CDT" time="17.833" errors="0">
  <testcase name="selectDate" time="4.637" classname="com.qa.hotels.com.tests.HomePageTest"/>
  <testcase name="getHotelsFeature" time="3.207" classname="com.qa.hotels.com.tests.SelectHotelsTest"/>
  <testcase name="verifyHomePageTitle" time="0.0" classname="com.qa.hotels.com.tests.HomePageTest">
    <ignored/>
  </testcase> <!-- verifyHomePageTitle -->
  <testcase name="get4StarHotels" time="0.0" classname="com.qa.hotels.com.tests.SelectHotelsTest">
    <ignored/>
  </testcase> <!-- get4StarHotels -->
  <testcase name="verifyHiltonIs3Star" time="0.0" classname="com.qa.hotels.com.tests.SelectHotelsTest">
    <ignored/>
  </testcase> <!-- verifyHiltonIs3Star -->
  <testcase name="verifyhotels3" time="0.0" classname="com.qa.hotels.com.tests.SelectHotelsTest">
    <ignored/>
  </testcase> <!-- verifyhotels3 -->
  <testcase name="get5starHotelsList" time="0.0" classname="com.qa.hotels.com.tests.SelectHotelsTest">
    <ignored/>
  </testcase> <!-- get5starHotelsList -->
</testsuite> <!-- Smoke Test -->
