<?xml version="1.0" encoding="UTF-8"?>
<!-- Generated by org.testng.reporters.JUnitXMLReporter -->
<testsuite hostname="mrsz.local" ignored="0" name="Regression Test -- chrome" tests="7" failures="0" timestamp="2020-10-24T19:30:22 CDT" time="97.416" errors="0">
  <testcase name="selectDate" time="25.291" classname="com.qa.hotels.com.tests.HomePageTest"/>
  <testcase name="verifyHomePageTitle" time="8.77" classname="com.qa.hotels.com.tests.HomePageTest"/>
  <testcase name="verifyHiltonIs3Star" time="46.995" classname="com.qa.hotels.com.tests.SelectHotelsTest"/>
  <testcase name="getHotelsFeature" time="14.85" classname="com.qa.hotels.com.tests.SelectHotelsTest"/>
  <testcase name="verifyhotels3" time="7.976" classname="com.qa.hotels.com.tests.SelectHotelsTest"/>
  <testcase name="get4StarHotels" time="10.142" classname="com.qa.hotels.com.tests.SelectHotelsTest"/>
  <testcase name="get5starHotelsList" time="9.397" classname="com.qa.hotels.com.tests.SelectHotelsTest"/>
</testsuite> <!-- Regression Test - chrome -->
