<?xml version="1.0" encoding="UTF-8"?>
<!-- Generated by org.testng.reporters.JUnitXMLReporter -->
<testsuite hostname="mrsz.local" ignored="0" name="Regression Test" tests="2" failures="1" timestamp="2020-10-24T18:53:48 CDT" time="25.369" errors="0">
  <testcase name="selectDate" time="13.885" classname="com.qa.hotels.com.tests.HomePageTest"/>
  <testcase name="verifyHomePageTitle" time="5.029" classname="com.qa.hotels.com.tests.HomePageTest">
    <failure type="java.lang.AssertionError" message="expected [Hotels.com - Deals &amp;amp;  Reservations from Luxury Hotels to Budget Accommodations] but found [Hotels.com - Deals &amp;amp; Discounts for Hotel Reservations from Luxury Hotels to Budget Accommodations]">
      <![CDATA[java.lang.AssertionError: expected [Hotels.com - Deals &  Reservations from Luxury Hotels to Budget Accommodations] but found [Hotels.com - Deals & Discounts for Hotel Reservations from Luxury Hotels to Budget Accommodations]
at com.qa.hotels.com.tests.HomePageTest.verifyHomePageTitle(HomePageTest.java:60)
at java.util.ArrayList.forEach(ArrayList.java:1257)
... Removed 33 stack frames]]>
    </failure>
  </testcase> <!-- verifyHomePageTitle -->
</testsuite> <!-- Regression Test -->
