<?xml version="1.0" encoding="UTF-8"?>
<!-- Generated by org.testng.reporters.JUnitXMLReporter -->
<testsuite hostname="mrsz.local" ignored="0" name="Regression Test -- firefox" tests="7" failures="0" timestamp="2020-10-24T19:30:17 CDT" time="92.416" errors="0">
  <testcase name="selectDate" time="30.159" classname="com.qa.hotels.com.tests.HomePageTest"/>
  <testcase name="verifyHiltonIs3Star" time="37.533" classname="com.qa.hotels.com.tests.SelectHotelsTest"/>
  <testcase name="verifyHomePageTitle" time="11.302" classname="com.qa.hotels.com.tests.HomePageTest"/>
  <testcase name="getHotelsFeature" time="19.898" classname="com.qa.hotels.com.tests.SelectHotelsTest"/>
  <testcase name="verifyhotels3" time="8.109" classname="com.qa.hotels.com.tests.SelectHotelsTest"/>
  <testcase name="get4StarHotels" time="10.215" classname="com.qa.hotels.com.tests.SelectHotelsTest"/>
  <testcase name="get5starHotelsList" time="9.342" classname="com.qa.hotels.com.tests.SelectHotelsTest"/>
</testsuite> <!-- Regression Test - firefox -->
